<?xml version="1.0" encoding="UTF-8"?>
<!-- Generated by org.testng.reporters.JUnitXMLReporter -->
<testsuite ignored="0" hostname="Nena" failures="0" tests="3" name="Command line test" time="15.82" errors="0" timestamp="05 May 2020 14:53:35 GMT">
  <testcase classname="testClasses.HomePageTest" name="selectSizeForAProduct" time="3.241"/>
  <testcase classname="testClasses.HomePageTest" name="testSearchForItem" time="1.849"/>
  <testcase classname="testClasses.HomePageTest" name="testTryinOut" time="0.282"/>
</testsuite> <!-- Command line test -->
